android/app/build/intermediates/manifest_merge_blame_file/debug/manifest-merger-blame-debug-report.txt
1<?xml version="1.0" encoding="utf-8"?>
2<manifest xmlns:android="http://schemas.android.com/apk/res/android"
3    package="com.qongfu.qongfu"
4    android:versionCode="1"
5    android:versionName="1.2" >
6
7    <uses-sdk
8        android:minSdkVersion="16"
9        android:targetSdkVersion="28" />
10
11    <uses-permission android:name="android.permission.SYSTEM_ALERT_WINDOW" />
11-->src/debug/AndroidManifest.xml:5:5-77
11-->src/debug/AndroidManifest.xml:5:22-75
12    <uses-permission android:name="android.permission.INTERNET" />
12-->src/main/AndroidManifest.xml:3:3-65
12-->src/main/AndroidManifest.xml:3:20-62
13    <uses-permission android:name="android.permission.READ_EXTERNAL_STORAGE" />
13-->src/main/AndroidManifest.xml:4:3-78
13-->src/main/AndroidManifest.xml:4:20-75
14    <uses-permission android:name="android.permission.WRITE_EXTERNAL_STORAGE" />
14-->src/main/AndroidManifest.xml:5:3-78
14-->src/main/AndroidManifest.xml:5:20-76
15    <uses-permission android:name="android.permission.ACCESS_COARSE_LOCATION" />
15-->src/main/AndroidManifest.xml:6:3-79
15-->src/main/AndroidManifest.xml:6:20-76
16    <uses-permission android:name="android.permission.ACCESS_FINE_LOCATION" />
16-->src/main/AndroidManifest.xml:7:3-77
16-->src/main/AndroidManifest.xml:7:20-74
17    <uses-permission android:name="android.permission.CAMERA" />
17-->src/main/AndroidManifest.xml:8:3-62
17-->src/main/AndroidManifest.xml:8:20-60
18    <uses-permission android:name="android.permission.READ_CONTACTS" />
18-->src/main/AndroidManifest.xml:9:3-69
18-->src/main/AndroidManifest.xml:9:20-67
19    <uses-permission android:name="com.google.android.gms.permission.ACTIVITY_RECOGNITION" />
19-->src/main/AndroidManifest.xml:10:4-92
19-->src/main/AndroidManifest.xml:10:21-90
20    <uses-permission android:name="android.permission.ACCESS_WIFI_STATE" />
20-->[com.facebook.flipper:flipper:0.33.1] AndroidManifest.xml:16:5-76
20-->[com.facebook.flipper:flipper:0.33.1] AndroidManifest.xml:16:22-73
21    <uses-permission android:name="android.permission.WAKE_LOCK" />
21-->[:react-native-firebase_messaging] AndroidManifest.xml:12:5-68
21-->[:react-native-firebase_messaging] AndroidManifest.xml:12:22-65
22    <uses-permission android:name="android.permission.ACCESS_NETWORK_STATE" />
22-->[:react-native-firebase_messaging] AndroidManifest.xml:13:5-79
22-->[:react-native-firebase_messaging] AndroidManifest.xml:13:22-76
23
24    <uses-feature
24-->[com.google.android.gms:play-services-maps:16.0.0] AndroidManifest.xml:26:5-28:35
25        android:glEsVersion="0x00020000"
25-->[com.google.android.gms:play-services-maps:16.0.0] AndroidManifest.xml:27:9-41
26        android:required="true" /> <!-- Required by older versions of Google Play services to create IID tokens -->
26-->[com.google.android.gms:play-services-maps:16.0.0] AndroidManifest.xml:28:9-32
27    <uses-permission android:name="com.google.android.c2dm.permission.RECEIVE" />
27-->[com.google.android.gms:play-services-iid:17.0.0] AndroidManifest.xml:23:5-82
27-->[com.google.android.gms:play-services-iid:17.0.0] AndroidManifest.xml:23:22-79
28    <uses-permission android:name="com.google.android.finsky.permission.BIND_GET_INSTALL_REFERRER_SERVICE" />
28-->[com.google.android.gms:play-services-measurement:17.4.3] AndroidManifest.xml:26:5-110
28-->[com.google.android.gms:play-services-measurement:17.4.3] AndroidManifest.xml:26:22-107
29
30    <application
30-->src/main/AndroidManifest.xml:11:3-29:17
31        android:name="com.qongfu.qongfu.MainApplication"
31-->src/main/AndroidManifest.xml:11:16-47
32        android:allowBackup="false"
32-->src/main/AndroidManifest.xml:11:162-189
33        android:appComponentFactory="androidx.core.app.CoreComponentFactory"
33-->[androidx.core:core:1.2.0] AndroidManifest.xml:24:18-86
34        android:debuggable="true"
35        android:icon="@mipmap/ic_launcher"
35-->src/main/AndroidManifest.xml:11:81-115
36        android:label="@string/app_name"
36-->src/main/AndroidManifest.xml:11:48-80
37        android:roundIcon="@mipmap/ic_launcher_round"
37-->src/main/AndroidManifest.xml:11:116-161
38        android:theme="@style/AppTheme"
38-->src/main/AndroidManifest.xml:11:190-221
39        android:usesCleartextTraffic="true" >
39-->src/debug/AndroidManifest.xml:7:18-53
40        <meta-data
40-->src/main/AndroidManifest.xml:12:5-119
41            android:name="com.google.android.geo.API_KEY"
41-->src/main/AndroidManifest.xml:12:16-61
42            android:value="AIzaSyAa50F53uzHl7CVh_bfmwQq5y-hFtfI_C8" />
42-->src/main/AndroidManifest.xml:12:62-117
43
44        <uses-library
44-->src/main/AndroidManifest.xml:13:5-83
45            android:name="org.apache.http.legacy"
45-->src/main/AndroidManifest.xml:13:19-56
46            android:required="false" /> <!-- Add this SplashActivity -->
46-->src/main/AndroidManifest.xml:13:57-81
47        <activity
47-->src/main/AndroidManifest.xml:15:5-20:16
48            android:name="com.qongfu.qongfu.SplashActivity"
48-->src/main/AndroidManifest.xml:15:15-45
49            android:label="@string/app_name"
49-->src/main/AndroidManifest.xml:15:81-113
50            android:theme="@style/SplashTheme" >
50-->src/main/AndroidManifest.xml:15:46-80
51            <intent-filter>
51-->src/main/AndroidManifest.xml:16:7-19:23
52                <action android:name="android.intent.action.MAIN" />
52-->src/main/AndroidManifest.xml:17:9-61
52-->src/main/AndroidManifest.xml:17:17-58
53
54                <category android:name="android.intent.category.LAUNCHER" />
54-->src/main/AndroidManifest.xml:18:9-69
54-->src/main/AndroidManifest.xml:18:19-66
55            </intent-filter>
56        </activity>
57        <activity
57-->src/main/AndroidManifest.xml:22:5-27:16
58            android:name="com.qongfu.qongfu.MainActivity"
58-->src/main/AndroidManifest.xml:22:15-43
59            android:configChanges="keyboard|keyboardHidden|orientation|screenSize|uiMode"
59-->src/main/AndroidManifest.xml:22:77-154
60            android:label="@string/app_name"
60-->src/main/AndroidManifest.xml:22:44-76
61            android:launchMode="singleTask"
61-->src/main/AndroidManifest.xml:22:155-186
62            android:windowSoftInputMode="adjustResize" >
62-->src/main/AndroidManifest.xml:22:187-229
63            <intent-filter>
63-->src/main/AndroidManifest.xml:16:7-19:23
64                <action android:name="android.intent.action.MAIN" />
64-->src/main/AndroidManifest.xml:17:9-61
64-->src/main/AndroidManifest.xml:17:17-58
65
66                <category android:name="android.intent.category.LAUNCHER" />
66-->src/main/AndroidManifest.xml:18:9-69
66-->src/main/AndroidManifest.xml:18:19-66
67            </intent-filter>
68        </activity>
69        <activity android:name="com.facebook.react.devsupport.DevSettingsActivity" />
69-->src/main/AndroidManifest.xml:28:5-82
69-->src/main/AndroidManifest.xml:28:15-79
70
71        <service android:name="io.invertase.firebase.messaging.ReactNativeFirebaseMessagingHeadlessService" />
71-->[:react-native-firebase_messaging] AndroidManifest.xml:16:9-111
71-->[:react-native-firebase_messaging] AndroidManifest.xml:16:18-108
72        <service
72-->[:react-native-firebase_messaging] AndroidManifest.xml:17:9-23:19
73            android:name="io.invertase.firebase.messaging.ReactNativeFirebaseMessagingService"
73-->[:react-native-firebase_messaging] AndroidManifest.xml:18:13-95
74            android:exported="false" >
74-->[:react-native-firebase_messaging] AndroidManifest.xml:19:13-37
75            <intent-filter>
75-->[:react-native-firebase_messaging] AndroidManifest.xml:20:13-22:29
76                <action android:name="com.google.firebase.MESSAGING_EVENT" />
76-->[:react-native-firebase_messaging] AndroidManifest.xml:21:17-78
76-->[:react-native-firebase_messaging] AndroidManifest.xml:21:25-75
77            </intent-filter>
78        </service>
79
80        <receiver
80-->[:react-native-firebase_messaging] AndroidManifest.xml:25:9-32:20
81            android:name="io.invertase.firebase.messaging.ReactNativeFirebaseMessagingReceiver"
81-->[:react-native-firebase_messaging] AndroidManifest.xml:26:13-96
82            android:exported="true"
82-->[:react-native-firebase_messaging] AndroidManifest.xml:27:13-36
83            android:permission="com.google.android.c2dm.permission.SEND" >
83-->[:react-native-firebase_messaging] AndroidManifest.xml:28:13-73
84            <intent-filter>
84-->[:react-native-firebase_messaging] AndroidManifest.xml:29:13-31:29
85                <action android:name="com.google.android.c2dm.intent.RECEIVE" />
85-->[:react-native-firebase_messaging] AndroidManifest.xml:30:17-81
85-->[:react-native-firebase_messaging] AndroidManifest.xml:30:25-78
86            </intent-filter>
87        </receiver>
88
89        <meta-data
89-->[:react-native-firebase_messaging] AndroidManifest.xml:34:9-36:36
90            android:name="firebase_messaging_auto_init_enabled"
90-->[:react-native-firebase_messaging] AndroidManifest.xml:35:13-64
91            android:value="true" />
91-->[:react-native-firebase_messaging] AndroidManifest.xml:36:13-33
92        <meta-data
92-->[:react-native-firebase_messaging] AndroidManifest.xml:37:9-39:32
93            android:name="com.google.firebase.messaging.default_notification_channel_id"
93-->[:react-native-firebase_messaging] AndroidManifest.xml:38:13-89
94            android:value="" />
94-->[:react-native-firebase_messaging] AndroidManifest.xml:39:13-29
95        <meta-data
95-->[:react-native-firebase_messaging] AndroidManifest.xml:40:9-42:47
96            android:name="com.google.firebase.messaging.default_notification_color"
96-->[:react-native-firebase_messaging] AndroidManifest.xml:41:13-84
97            android:resource="@color/white" />
97-->[:react-native-firebase_messaging] AndroidManifest.xml:42:13-44
98
99        <receiver
99-->[:react-native-device-info] AndroidManifest.xml:13:9-21:20
100            android:name="com.learnium.RNDeviceInfo.RNDeviceReceiver"
100-->[:react-native-device-info] AndroidManifest.xml:14:13-70
101            android:enabled="true"
101-->[:react-native-device-info] AndroidManifest.xml:15:13-35
102            android:exported="true" >
102-->[:react-native-device-info] AndroidManifest.xml:16:13-36
103            <intent-filter>
103-->[:react-native-device-info] AndroidManifest.xml:18:13-20:29
104                <action android:name="com.android.vending.INSTALL_REFERRER" />
104-->[:react-native-device-info] AndroidManifest.xml:19:17-79
104-->[:react-native-device-info] AndroidManifest.xml:19:25-76
105            </intent-filter>
106        </receiver>
107
108        <provider
108-->[:react-native-image-picker] AndroidManifest.xml:10:9-18:20
109            android:name="com.imagepicker.FileProvider"
109-->[:react-native-image-picker] AndroidManifest.xml:11:13-56
110            android:authorities="com.qongfu.qongfu.provider"
110-->[:react-native-image-picker] AndroidManifest.xml:12:13-60
111            android:exported="false"
111-->[:react-native-image-picker] AndroidManifest.xml:13:13-37
112            android:grantUriPermissions="true" >
112-->[:react-native-image-picker] AndroidManifest.xml:14:13-47
113            <meta-data
113-->[:react-native-image-picker] AndroidManifest.xml:15:13-17:58
114                android:name="android.support.FILE_PROVIDER_PATHS"
114-->[:react-native-image-picker] AndroidManifest.xml:16:17-67
115                android:resource="@xml/provider_paths" />
115-->[:react-native-image-picker] AndroidManifest.xml:17:17-55
116        </provider>
117
118        <meta-data
118-->[com.google.android.gms:play-services-fitness:19.0.0] AndroidManifest.xml:23:9-25:38
119            android:name="com.google.gms.fitness.sdk.version"
119-->[com.google.android.gms:play-services-fitness:19.0.0] AndroidManifest.xml:24:13-62
120            android:value="19.0.0" />
120-->[com.google.android.gms:play-services-fitness:19.0.0] AndroidManifest.xml:25:13-35
121
122        <activity
122-->[com.google.android.gms:play-services-auth:18.1.0] AndroidManifest.xml:23:9-27:75
123            android:name="com.google.android.gms.auth.api.signin.internal.SignInHubActivity"
123-->[com.google.android.gms:play-services-auth:18.1.0] AndroidManifest.xml:24:13-93
124            android:excludeFromRecents="true"
124-->[com.google.android.gms:play-services-auth:18.1.0] AndroidManifest.xml:25:13-46
125            android:exported="false"
125-->[com.google.android.gms:play-services-auth:18.1.0] AndroidManifest.xml:26:13-37
126            android:theme="@android:style/Theme.Translucent.NoTitleBar" />
126-->[com.google.android.gms:play-services-auth:18.1.0] AndroidManifest.xml:27:13-72
127        <!--
128            Service handling Google Sign-In user revocation. For apps that do not integrate with
129            Google Sign-In, this service will never be started.
130        -->
131        <service
131-->[com.google.android.gms:play-services-auth:18.1.0] AndroidManifest.xml:33:9-37:51
132            android:name="com.google.android.gms.auth.api.signin.RevocationBoundService"
132-->[com.google.android.gms:play-services-auth:18.1.0] AndroidManifest.xml:34:13-89
133            android:exported="true"
133-->[com.google.android.gms:play-services-auth:18.1.0] AndroidManifest.xml:35:13-36
134            android:permission="com.google.android.gms.auth.api.signin.permission.REVOCATION_NOTIFICATION"
134-->[com.google.android.gms:play-services-auth:18.1.0] AndroidManifest.xml:36:13-107
135            android:visibleToInstantApps="true" />
135-->[com.google.android.gms:play-services-auth:18.1.0] AndroidManifest.xml:37:13-48
136        <!--
137             FirebaseMessagingService performs security checks at runtime,
138             but set to not exported to explicitly avoid allowing another app to call it.
139        -->
140        <service
140-->[com.google.firebase:firebase-messaging:20.2.1] AndroidManifest.xml:28:9-35:19
141            android:name="com.google.firebase.messaging.FirebaseMessagingService"
141-->[com.google.firebase:firebase-messaging:20.2.1] AndroidManifest.xml:29:13-82
142            android:directBootAware="true"
142-->[com.google.firebase:firebase-messaging:20.2.1] AndroidManifest.xml:30:13-43
143            android:exported="false" >
143-->[com.google.firebase:firebase-messaging:20.2.1] AndroidManifest.xml:31:13-37
144            <intent-filter android:priority="-500" >
144-->[:react-native-firebase_messaging] AndroidManifest.xml:20:13-22:29
145                <action android:name="com.google.firebase.MESSAGING_EVENT" />
145-->[:react-native-firebase_messaging] AndroidManifest.xml:21:17-78
145-->[:react-native-firebase_messaging] AndroidManifest.xml:21:25-75
146            </intent-filter>
147        </service>
148        <service
148-->[com.google.firebase:firebase-messaging:20.2.1] AndroidManifest.xml:36:9-42:19
149            android:name="com.google.firebase.components.ComponentDiscoveryService"
149-->[com.google.firebase:firebase-messaging:20.2.1] AndroidManifest.xml:37:13-84
150            android:directBootAware="true"
150-->[com.google.firebase:firebase-common:19.3.0] AndroidManifest.xml:34:13-43
151            android:exported="false" >
151-->[com.google.firebase:firebase-messaging:20.2.1] AndroidManifest.xml:38:13-37
152            <meta-data
152-->[com.google.firebase:firebase-messaging:20.2.1] AndroidManifest.xml:39:13-41:85
153                android:name="com.google.firebase.components:com.google.firebase.messaging.FirebaseMessagingRegistrar"
153-->[com.google.firebase:firebase-messaging:20.2.1] AndroidManifest.xml:40:17-119
154                android:value="com.google.firebase.components.ComponentRegistrar" />
154-->[com.google.firebase:firebase-messaging:20.2.1] AndroidManifest.xml:41:17-82
155            <meta-data
155-->[com.google.android.gms:play-services-measurement-api:17.4.3] AndroidManifest.xml:30:13-32:85
156                android:name="com.google.firebase.components:com.google.firebase.analytics.connector.internal.AnalyticsConnectorRegistrar"
156-->[com.google.android.gms:play-services-measurement-api:17.4.3] AndroidManifest.xml:31:17-139
157                android:value="com.google.firebase.components.ComponentRegistrar" />
157-->[com.google.android.gms:play-services-measurement-api:17.4.3] AndroidManifest.xml:32:17-82
158            <meta-data
158-->[com.google.firebase:firebase-iid:20.2.1] AndroidManifest.xml:32:13-34:85
159                android:name="com.google.firebase.components:com.google.firebase.iid.Registrar"
159-->[com.google.firebase:firebase-iid:20.2.1] AndroidManifest.xml:33:17-96
160                android:value="com.google.firebase.components.ComponentRegistrar" />
160-->[com.google.firebase:firebase-iid:20.2.1] AndroidManifest.xml:34:17-82
161            <meta-data
161-->[com.google.firebase:firebase-datatransport:17.0.3] AndroidManifest.xml:28:13-30:85
162                android:name="com.google.firebase.components:com.google.firebase.datatransport.TransportRegistrar"
162-->[com.google.firebase:firebase-datatransport:17.0.3] AndroidManifest.xml:29:17-115
163                android:value="com.google.firebase.components.ComponentRegistrar" />
163-->[com.google.firebase:firebase-datatransport:17.0.3] AndroidManifest.xml:30:17-82
164            <meta-data
164-->[com.google.firebase:firebase-installations:16.3.2] AndroidManifest.xml:17:13-19:85
165                android:name="com.google.firebase.components:com.google.firebase.installations.FirebaseInstallationsRegistrar"
165-->[com.google.firebase:firebase-installations:16.3.2] AndroidManifest.xml:18:17-127
166                android:value="com.google.firebase.components.ComponentRegistrar" />
166-->[com.google.firebase:firebase-installations:16.3.2] AndroidManifest.xml:19:17-82
167        </service>
168
169        <receiver
169-->[com.google.firebase:firebase-iid:20.2.1] AndroidManifest.xml:37:9-44:20
170            android:name="com.google.firebase.iid.FirebaseInstanceIdReceiver"
170-->[com.google.firebase:firebase-iid:20.2.1] AndroidManifest.xml:38:13-78
171            android:exported="true"
171-->[com.google.firebase:firebase-iid:20.2.1] AndroidManifest.xml:39:13-36
172            android:permission="com.google.android.c2dm.permission.SEND" >
172-->[com.google.firebase:firebase-iid:20.2.1] AndroidManifest.xml:40:13-73
173            <intent-filter>
173-->[:react-native-firebase_messaging] AndroidManifest.xml:29:13-31:29
174                <action android:name="com.google.android.c2dm.intent.RECEIVE" />
174-->[:react-native-firebase_messaging] AndroidManifest.xml:30:17-81
174-->[:react-native-firebase_messaging] AndroidManifest.xml:30:25-78
175            </intent-filter>
176        </receiver>
177
178        <activity
178-->[com.google.android.gms:play-services-base:17.2.1] AndroidManifest.xml:23:9-26:75
179            android:name="com.google.android.gms.common.api.GoogleApiActivity"
179-->[com.google.android.gms:play-services-base:17.2.1] AndroidManifest.xml:24:13-79
180            android:exported="false"
180-->[com.google.android.gms:play-services-base:17.2.1] AndroidManifest.xml:25:13-37
181            android:theme="@android:style/Theme.Translucent.NoTitleBar" />
181-->[com.google.android.gms:play-services-base:17.2.1] AndroidManifest.xml:26:13-72
182
183        <service
183-->[com.google.android.datatransport:transport-backend-cct:2.2.0] AndroidManifest.xml:29:9-35:19
184            android:name="com.google.android.datatransport.runtime.backends.TransportBackendDiscovery"
184-->[com.google.android.datatransport:transport-backend-cct:2.2.0] AndroidManifest.xml:30:13-103
185            android:exported="false" >
185-->[com.google.android.datatransport:transport-backend-cct:2.2.0] AndroidManifest.xml:31:13-37
186            <meta-data
186-->[com.google.android.datatransport:transport-backend-cct:2.2.0] AndroidManifest.xml:32:13-34:39
187                android:name="backend:com.google.android.datatransport.cct.CctBackendFactory"
187-->[com.google.android.datatransport:transport-backend-cct:2.2.0] AndroidManifest.xml:33:17-94
188                android:value="cct" />
188-->[com.google.android.datatransport:transport-backend-cct:2.2.0] AndroidManifest.xml:34:17-36
189        </service>
190        <service
190-->[com.google.android.datatransport:transport-runtime:2.2.0] AndroidManifest.xml:26:9-30:19
191            android:name="com.google.android.datatransport.runtime.scheduling.jobscheduling.JobInfoSchedulerService"
191-->[com.google.android.datatransport:transport-runtime:2.2.0] AndroidManifest.xml:27:13-117
192            android:exported="false"
192-->[com.google.android.datatransport:transport-runtime:2.2.0] AndroidManifest.xml:28:13-37
193            android:permission="android.permission.BIND_JOB_SERVICE" >
193-->[com.google.android.datatransport:transport-runtime:2.2.0] AndroidManifest.xml:29:13-69
194        </service>
195
196        <receiver
196-->[com.google.android.datatransport:transport-runtime:2.2.0] AndroidManifest.xml:32:9-34:40
197            android:name="com.google.android.datatransport.runtime.scheduling.jobscheduling.AlarmManagerSchedulerBroadcastReceiver"
197-->[com.google.android.datatransport:transport-runtime:2.2.0] AndroidManifest.xml:33:13-132
198            android:exported="false" />
198-->[com.google.android.datatransport:transport-runtime:2.2.0] AndroidManifest.xml:34:13-37
199
200        <provider
200-->[com.google.firebase:firebase-common:19.3.0] AndroidManifest.xml:26:9-30:39
201            android:name="com.google.firebase.provider.FirebaseInitProvider"
201-->[com.google.firebase:firebase-common:19.3.0] AndroidManifest.xml:27:13-77
202            android:authorities="com.qongfu.qongfu.firebaseinitprovider"
202-->[com.google.firebase:firebase-common:19.3.0] AndroidManifest.xml:28:13-72
203            android:exported="false"
203-->[com.google.firebase:firebase-common:19.3.0] AndroidManifest.xml:29:13-37
204            android:initOrder="100" />
204-->[com.google.firebase:firebase-common:19.3.0] AndroidManifest.xml:30:13-36
205
206        <receiver
206-->[com.google.android.gms:play-services-measurement:17.4.3] AndroidManifest.xml:29:9-33:20
207            android:name="com.google.android.gms.measurement.AppMeasurementReceiver"
207-->[com.google.android.gms:play-services-measurement:17.4.3] AndroidManifest.xml:30:13-85
208            android:enabled="true"
208-->[com.google.android.gms:play-services-measurement:17.4.3] AndroidManifest.xml:31:13-35
209            android:exported="false" >
209-->[com.google.android.gms:play-services-measurement:17.4.3] AndroidManifest.xml:32:13-37
210        </receiver>
211
212        <service
212-->[com.google.android.gms:play-services-measurement:17.4.3] AndroidManifest.xml:35:9-38:40
213            android:name="com.google.android.gms.measurement.AppMeasurementService"
213-->[com.google.android.gms:play-services-measurement:17.4.3] AndroidManifest.xml:36:13-84
214            android:enabled="true"
214-->[com.google.android.gms:play-services-measurement:17.4.3] AndroidManifest.xml:37:13-35
215            android:exported="false" />
215-->[com.google.android.gms:play-services-measurement:17.4.3] AndroidManifest.xml:38:13-37
216        <service
216-->[com.google.android.gms:play-services-measurement:17.4.3] AndroidManifest.xml:39:9-43:72
217            android:name="com.google.android.gms.measurement.AppMeasurementJobService"
217-->[com.google.android.gms:play-services-measurement:17.4.3] AndroidManifest.xml:40:13-87
218            android:enabled="true"
218-->[com.google.android.gms:play-services-measurement:17.4.3] AndroidManifest.xml:41:13-35
219            android:exported="false"
219-->[com.google.android.gms:play-services-measurement:17.4.3] AndroidManifest.xml:42:13-37
220            android:permission="android.permission.BIND_JOB_SERVICE" />
220-->[com.google.android.gms:play-services-measurement:17.4.3] AndroidManifest.xml:43:13-69
221
222        <meta-data
222-->[com.google.android.gms:play-services-basement:17.2.1] AndroidManifest.xml:23:9-25:69
223            android:name="com.google.android.gms.version"
223-->[com.google.android.gms:play-services-basement:17.2.1] AndroidManifest.xml:24:13-58
224            android:value="@integer/google_play_services_version" />
224-->[com.google.android.gms:play-services-basement:17.2.1] AndroidManifest.xml:25:13-66
225    </application>
226
227</manifest>